0 info it worked if it ends with ok
1 verbose cli [ '/usr/bin/node', '/usr/bin/npm', 'link' ]
2 info using npm@3.5.2
3 info using node@v8.10.0
4 verbose linkPkg /mnt/c/Users/scsil/code/silver-softwerks/design-system
5 silly gentlyRm /usr/local/lib/node_modules/@SS/design-system is being purged
6 verbose gentlyRm don't care about contents; nuking /usr/local/lib/node_modules/@SS/design-system
7 silly vacuum-fs purging /usr/local/lib/node_modules/@SS/design-system
8 verbose stack Error: EACCES: permission denied, unlink '/usr/local/lib/node_modules/@SS/design-system'
9 verbose cwd /mnt/c/Users/scsil/code/silver-softwerks/design-system
10 error Linux 4.4.0-17763-Microsoft
11 error argv "/usr/bin/node" "/usr/bin/npm" "link"
12 error node v8.10.0
13 error npm  v3.5.2
14 error path /usr/local/lib/node_modules/@SS/design-system
15 error code EACCES
16 error errno -13
17 error syscall unlink
18 error Error: EACCES: permission denied, unlink '/usr/local/lib/node_modules/@SS/design-system'
18 error  { Error: EACCES: permission denied, unlink '/usr/local/lib/node_modules/@SS/design-system'
18 error   errno: -13,
18 error   code: 'EACCES',
18 error   syscall: 'unlink',
18 error   path: '/usr/local/lib/node_modules/@SS/design-system' }
19 error Please try running this command again as root/Administrator.
20 verbose exit [ -13, true ]
